  main.c
C:\Users\User\source\repos\RUN & CRUSH\RUN & CRUSH\main.c(387,28): warning C4047: '함수': 'char *'의 간접 참조 수준이 'int'과(와) 다릅니다.
C:\Users\User\source\repos\RUN & CRUSH\RUN & CRUSH\main.c(387,28): warning C4024: 'draw_box2': 형식 및 실제 매개 변수 5의 형식이 서로 다릅니다.
C:\Users\User\source\repos\RUN & CRUSH\RUN & CRUSH\main.c(471,7): warning C4996: 'kbhit': The POSIX name for this item is deprecated. Instead, use the ISO C and C++ conformant name: _kbhit. See online help for details.
C:\Users\User\source\repos\RUN & CRUSH\RUN & CRUSH\main.c(472,9): warning C4996: 'getch': The POSIX name for this item is deprecated. Instead, use the ISO C and C++ conformant name: _getch. See online help for details.
C:\Users\User\source\repos\RUN & CRUSH\RUN & CRUSH\main.c(516,7): warning C4996: 'kbhit': The POSIX name for this item is deprecated. Instead, use the ISO C and C++ conformant name: _kbhit. See online help for details.
C:\Users\User\source\repos\RUN & CRUSH\RUN & CRUSH\main.c(517,9): warning C4996: 'getch': The POSIX name for this item is deprecated. Instead, use the ISO C and C++ conformant name: _getch. See online help for details.
C:\Users\User\source\repos\RUN & CRUSH\RUN & CRUSH\main.c(549,9): warning C4129: ' ': 문자 이스케이프 시퀀스를 인식할 수 없습니다.
C:\Users\User\source\repos\RUN & CRUSH\RUN & CRUSH\main.c(550,9): warning C4129: ' ': 문자 이스케이프 시퀀스를 인식할 수 없습니다.
C:\Users\User\source\repos\RUN & CRUSH\RUN & CRUSH\main.c(551,9): warning C4129: ' ': 문자 이스케이프 시퀀스를 인식할 수 없습니다.
C:\Users\User\source\repos\RUN & CRUSH\RUN & CRUSH\main.c(553,9): warning C4129: ' ': 문자 이스케이프 시퀀스를 인식할 수 없습니다.
C:\Users\User\source\repos\RUN & CRUSH\RUN & CRUSH\main.c(554,9): warning C4129: ' ': 문자 이스케이프 시퀀스를 인식할 수 없습니다.
C:\Users\User\source\repos\RUN & CRUSH\RUN & CRUSH\main.c(556,9): warning C4129: '_': 문자 이스케이프 시퀀스를 인식할 수 없습니다.
C:\Users\User\source\repos\RUN & CRUSH\RUN & CRUSH\main.c(557,9): warning C4129: ' ': 문자 이스케이프 시퀀스를 인식할 수 없습니다.
C:\Users\User\source\repos\RUN & CRUSH\RUN & CRUSH\main.c(558,9): warning C4129: ' ': 문자 이스케이프 시퀀스를 인식할 수 없습니다.
C:\Users\User\source\repos\RUN & CRUSH\RUN & CRUSH\main.c(560,9): warning C4129: '_': 문자 이스케이프 시퀀스를 인식할 수 없습니다.
C:\Users\User\source\repos\RUN & CRUSH\RUN & CRUSH\main.c(562,9): warning C4129: '/': 문자 이스케이프 시퀀스를 인식할 수 없습니다.
C:\Users\User\source\repos\RUN & CRUSH\RUN & CRUSH\main.c(562,9): warning C4129: ' ': 문자 이스케이프 시퀀스를 인식할 수 없습니다.
C:\Users\User\source\repos\RUN & CRUSH\RUN & CRUSH\main.c(563,9): warning C4129: '_': 문자 이스케이프 시퀀스를 인식할 수 없습니다.
C:\Users\User\source\repos\RUN & CRUSH\RUN & CRUSH\main.c(564,9): warning C4129: '_': 문자 이스케이프 시퀀스를 인식할 수 없습니다.
C:\Users\User\source\repos\RUN & CRUSH\RUN & CRUSH\main.c(566,9): warning C4129: ' ': 문자 이스케이프 시퀀스를 인식할 수 없습니다.
C:\Users\User\source\repos\RUN & CRUSH\RUN & CRUSH\main.c(566,9): warning C4129: '/': 문자 이스케이프 시퀀스를 인식할 수 없습니다.
C:\Users\User\source\repos\RUN & CRUSH\RUN & CRUSH\main.c(567,9): warning C4129: ' ': 문자 이스케이프 시퀀스를 인식할 수 없습니다.
C:\Users\User\source\repos\RUN & CRUSH\RUN & CRUSH\main.c(568,9): warning C4129: '/': 문자 이스케이프 시퀀스를 인식할 수 없습니다.
C:\Users\User\source\repos\RUN & CRUSH\RUN & CRUSH\main.c(569,9): warning C4129: ' ': 문자 이스케이프 시퀀스를 인식할 수 없습니다.
C:\Users\User\source\repos\RUN & CRUSH\RUN & CRUSH\main.c(569,9): warning C4129: '/': 문자 이스케이프 시퀀스를 인식할 수 없습니다.
C:\Users\User\source\repos\RUN & CRUSH\RUN & CRUSH\main.c(570,9): warning C4129: '(': 문자 이스케이프 시퀀스를 인식할 수 없습니다.
C:\Users\User\source\repos\RUN & CRUSH\RUN & CRUSH\main.c(570,9): warning C4129: '_': 문자 이스케이프 시퀀스를 인식할 수 없습니다.
C:\Users\User\source\repos\RUN & CRUSH\RUN & CRUSH\main.c(572,9): warning C4129: '_': 문자 이스케이프 시퀀스를 인식할 수 없습니다.
C:\Users\User\source\repos\RUN & CRUSH\RUN & CRUSH\main.c(573,9): warning C4129: ' ': 문자 이스케이프 시퀀스를 인식할 수 없습니다.
C:\Users\User\source\repos\RUN & CRUSH\RUN & CRUSH\main.c(585,8): warning C4244: '함수': 'time_t'에서 'unsigned int'(으)로 변환하면서 데이터가 손실될 수 있습니다.
C:\Users\User\source\repos\RUN & CRUSH\RUN & CRUSH\main.c(606,25): warning C4047: '함수': 'char *'의 간접 참조 수준이 'int'과(와) 다릅니다.
C:\Users\User\source\repos\RUN & CRUSH\RUN & CRUSH\main.c(606,25): warning C4024: 'draw_box2': 형식 및 실제 매개 변수 5의 형식이 서로 다릅니다.
C:\Users\User\source\repos\RUN & CRUSH\RUN & CRUSH\main.c(607,27): warning C4047: '함수': 'char *'의 간접 참조 수준이 'int'과(와) 다릅니다.
C:\Users\User\source\repos\RUN & CRUSH\RUN & CRUSH\main.c(607,27): warning C4024: 'draw_box2': 형식 및 실제 매개 변수 5의 형식이 서로 다릅니다.
C:\Users\User\source\repos\RUN & CRUSH\RUN & CRUSH\main.c(583,7): warning C4101: 'cmd' :참조되지 않은 지역 변수입니다.
C:\Users\User\source\repos\RUN & CRUSH\RUN & CRUSH\main.c(904,8): warning C4996: 'getch': The POSIX name for this item is deprecated. Instead, use the ISO C and C++ conformant name: _getch. See online help for details.
C:\Users\User\source\repos\RUN & CRUSH\RUN & CRUSH\main.c(932,10): warning C4996: 'kbhit': The POSIX name for this item is deprecated. Instead, use the ISO C and C++ conformant name: _kbhit. See online help for details.
C:\Users\User\source\repos\RUN & CRUSH\RUN & CRUSH\main.c(933,12): warning C4996: 'getch': The POSIX name for this item is deprecated. Instead, use the ISO C and C++ conformant name: _getch. See online help for details.
C:\Users\User\source\repos\RUN & CRUSH\RUN & CRUSH\main.c(897,6): warning C4101: 'keep_moving' :참조되지 않은 지역 변수입니다.
C:\Users\User\source\repos\RUN & CRUSH\RUN & CRUSH\main.c(893,12): warning C4101: 'y' :참조되지 않은 지역 변수입니다.
C:\Users\User\source\repos\RUN & CRUSH\RUN & CRUSH\main.c(893,9): warning C4101: 'x' :참조되지 않은 지역 변수입니다.
C:\Users\User\source\repos\RUN & CRUSH\RUN & CRUSH\main.c(893,6): warning C4101: 'i' :참조되지 않은 지역 변수입니다.
  RUN & CRUSH.vcxproj -> C:\Users\User\source\repos\RUN & CRUSH\x64\Debug\RUN & CRUSH.exe
